<?xml version="1.0" encoding="UTF-8"?>
<!-- Generated by org.testng.reporters.JUnitXMLReporter -->
<testsuite ignored="1" hostname="SSS" failures="0" tests="2" name="Submit order" time="26.199" errors="0" timestamp="2024-11-12T17:09:36 IST">
  <testcase classname="SeleniumFramework.PageObject" name="submitOrder" time="9.084"/>
  <testcase classname="SeleniumFramework.PageObject" name="submitOrder" time="9.118"/>
  <testcase classname="SeleniumFramework.PageObject" name="OrderHistory" time="0.0">
    <ignored/>
  </testcase> <!-- OrderHistory -->
</testsuite> <!-- Submit order -->
